Start testing: May 20 10:10 CEST
----------------------------------------------------------
1/6 Testing: Problem1.BalancedNum
1/6 Test: Problem1.BalancedNum
Command: "/home/fffeelipe/Documents/classes 2024-1/SW development/HPC-SW-pipelining/build/tests" "--gtest_filter=Problem1.BalancedNum" "--gtest_also_run_disabled_tests"
Directory: /home/fffeelipe/Documents/classes 2024-1/SW development/HPC-SW-pipelining/build
"Problem1.BalancedNum" start time: May 20 10:10 CEST
Output:
----------------------------------------------------------
Note: Google Test filter = Problem1.BalancedNum
[==========] Running 1 test from 1 test suite.
[----------] Global test environment set-up.
[----------] 1 test from Problem1
[ RUN      ] Problem1.BalancedNum
[       OK ] Problem1.BalancedNum (0 ms)
[----------] 1 test from Problem1 (0 ms total)

[----------] Global test environment tear-down
[==========] 1 test from 1 test suite ran. (0 ms total)
[  PASSED  ] 1 test.
<end of output>
Test time =   0.00 sec
----------------------------------------------------------
Test Passed.
"Problem1.BalancedNum" end time: May 20 10:10 CEST
"Problem1.BalancedNum" time elapsed: 00:00:00
----------------------------------------------------------

2/6 Testing: Problem2.IsIsogram
2/6 Test: Problem2.IsIsogram
Command: "/home/fffeelipe/Documents/classes 2024-1/SW development/HPC-SW-pipelining/build/tests" "--gtest_filter=Problem2.IsIsogram" "--gtest_also_run_disabled_tests"
Directory: /home/fffeelipe/Documents/classes 2024-1/SW development/HPC-SW-pipelining/build
"Problem2.IsIsogram" start time: May 20 10:10 CEST
Output:
----------------------------------------------------------
Note: Google Test filter = Problem2.IsIsogram
[==========] Running 1 test from 1 test suite.
[----------] Global test environment set-up.
[----------] 1 test from Problem2
[ RUN      ] Problem2.IsIsogram
[       OK ] Problem2.IsIsogram (0 ms)
[----------] 1 test from Problem2 (0 ms total)

[----------] Global test environment tear-down
[==========] 1 test from 1 test suite ran. (0 ms total)
[  PASSED  ] 1 test.
<end of output>
Test time =   0.00 sec
----------------------------------------------------------
Test Passed.
"Problem2.IsIsogram" end time: May 20 10:10 CEST
"Problem2.IsIsogram" time elapsed: 00:00:00
----------------------------------------------------------

3/6 Testing: Problem3.PossiblyPerfect
3/6 Test: Problem3.PossiblyPerfect
Command: "/home/fffeelipe/Documents/classes 2024-1/SW development/HPC-SW-pipelining/build/tests" "--gtest_filter=Problem3.PossiblyPerfect" "--gtest_also_run_disabled_tests"
Directory: /home/fffeelipe/Documents/classes 2024-1/SW development/HPC-SW-pipelining/build
"Problem3.PossiblyPerfect" start time: May 20 10:10 CEST
Output:
----------------------------------------------------------
Note: Google Test filter = Problem3.PossiblyPerfect
[==========] Running 1 test from 1 test suite.
[----------] Global test environment set-up.
[----------] 1 test from Problem3
[ RUN      ] Problem3.PossiblyPerfect
[       OK ] Problem3.PossiblyPerfect (0 ms)
[----------] 1 test from Problem3 (0 ms total)

[----------] Global test environment tear-down
[==========] 1 test from 1 test suite ran. (0 ms total)
[  PASSED  ] 1 test.
<end of output>
Test time =   0.00 sec
----------------------------------------------------------
Test Passed.
"Problem3.PossiblyPerfect" end time: May 20 10:10 CEST
"Problem3.PossiblyPerfect" time elapsed: 00:00:00
----------------------------------------------------------

4/6 Testing: Problem4.FindOdd
4/6 Test: Problem4.FindOdd
Command: "/home/fffeelipe/Documents/classes 2024-1/SW development/HPC-SW-pipelining/build/tests" "--gtest_filter=Problem4.FindOdd" "--gtest_also_run_disabled_tests"
Directory: /home/fffeelipe/Documents/classes 2024-1/SW development/HPC-SW-pipelining/build
"Problem4.FindOdd" start time: May 20 10:10 CEST
Output:
----------------------------------------------------------
Note: Google Test filter = Problem4.FindOdd
[==========] Running 1 test from 1 test suite.
[----------] Global test environment set-up.
[----------] 1 test from Problem4
[ RUN      ] Problem4.FindOdd
[       OK ] Problem4.FindOdd (0 ms)
[----------] 1 test from Problem4 (0 ms total)

[----------] Global test environment tear-down
[==========] 1 test from 1 test suite ran. (0 ms total)
[  PASSED  ] 1 test.
<end of output>
Test time =   0.00 sec
----------------------------------------------------------
Test Passed.
"Problem4.FindOdd" end time: May 20 10:10 CEST
"Problem4.FindOdd" time elapsed: 00:00:00
----------------------------------------------------------

5/6 Testing: Problem5.EncodeDecode
5/6 Test: Problem5.EncodeDecode
Command: "/home/fffeelipe/Documents/classes 2024-1/SW development/HPC-SW-pipelining/build/tests" "--gtest_filter=Problem5.EncodeDecode" "--gtest_also_run_disabled_tests"
Directory: /home/fffeelipe/Documents/classes 2024-1/SW development/HPC-SW-pipelining/build
"Problem5.EncodeDecode" start time: May 20 10:10 CEST
Output:
----------------------------------------------------------
Note: Google Test filter = Problem5.EncodeDecode
[==========] Running 1 test from 1 test suite.
[----------] Global test environment set-up.
[----------] 1 test from Problem5
[ RUN      ] Problem5.EncodeDecode
/home/fffeelipe/Documents/classes 2024-1/SW development/HPC-SW-pipelining/tests/tests.cpp:24: Failure
Expected equality of these values:
  encode("hello")
    Which is: "h\x2ll\x4"
  "h2ll4"
[  FAILED  ] Problem5.EncodeDecode (0 ms)
[----------] 1 test from Problem5 (0 ms total)

[----------] Global test environment tear-down
[==========] 1 test from 1 test suite ran. (0 ms total)
[  PASSED  ] 0 tests.
[  FAILED  ] 1 test, listed below:
[  FAILED  ] Problem5.EncodeDecode

 1 FAILED TEST
<end of output>
Test time =   0.00 sec
----------------------------------------------------------
Test Failed.
"Problem5.EncodeDecode" end time: May 20 10:10 CEST
"Problem5.EncodeDecode" time elapsed: 00:00:00
----------------------------------------------------------

6/6 Testing: Problem6.Bananas
6/6 Test: Problem6.Bananas
Command: "/home/fffeelipe/Documents/classes 2024-1/SW development/HPC-SW-pipelining/build/tests" "--gtest_filter=Problem6.Bananas" "--gtest_also_run_disabled_tests"
Directory: /home/fffeelipe/Documents/classes 2024-1/SW development/HPC-SW-pipelining/build
"Problem6.Bananas" start time: May 20 10:10 CEST
Output:
----------------------------------------------------------
Note: Google Test filter = Problem6.Bananas
[==========] Running 1 test from 1 test suite.
[----------] Global test environment set-up.
[----------] 1 test from Problem6
[ RUN      ] Problem6.Bananas
/home/fffeelipe/Documents/classes 2024-1/SW development/HPC-SW-pipelining/tests/tests.cpp:31: Failure
Expected equality of these values:
  bananas("bbananana")
    Which is: {}
  expected
    Which is: { "-b--anana", "-ban--ana", "-ba--nana", "-banan--a", "b---anana", "-banana--", "b-a--nana", "b-an--ana", "b-ana--na", "-bana--na", "b-anan--a", "b-anana--" }
[  FAILED  ] Problem6.Bananas (0 ms)
[----------] 1 test from Problem6 (0 ms total)

[----------] Global test environment tear-down
[==========] 1 test from 1 test suite ran. (0 ms total)
[  PASSED  ] 0 tests.
[  FAILED  ] 1 test, listed below:
[  FAILED  ] Problem6.Bananas

 1 FAILED TEST
<end of output>
Test time =   0.00 sec
----------------------------------------------------------
Test Failed.
"Problem6.Bananas" end time: May 20 10:10 CEST
"Problem6.Bananas" time elapsed: 00:00:00
----------------------------------------------------------

End testing: May 20 10:10 CEST
